[2025-06-25 18:52:03] Espacio en disco disponible en /data: 346.27 GB (Total: 915.32 GB, Usado: 522.49 GB)
[2025-06-25 18:52:03] Iniciando sincronización desde Raspberry Pi
[2025-06-25 18:52:03] Comando rsync a ejecutar: rsync -e ssh -i /root/.ssh/id_rsa -o StrictHostKeyChecking=no -avz pi@192.168.190.29:/home/pi/Documents/rain-gauge-project/DTA /data
[2025-06-25 18:52:03] Intento 1/3 para sincronizar.
[2025-06-25 18:52:05] receiving incremental file list

sent 49 bytes  received 4,520 bytes  1,827.60 bytes/sec
total size is 1,211,390  speedup is 265.13

[2025-06-25 18:52:15] Espacio en disco disponible en /data: 346.27 GB (Total: 915.32 GB, Usado: 522.49 GB)
[2025-06-25 18:52:15] Iniciando sincronización desde Raspberry Pi
[2025-06-25 18:52:15] Comando rsync a ejecutar: rsync -e ssh -i /root/.ssh/id_rsa -o StrictHostKeyChecking=no -avz pi@192.168.190.29:/home/pi/Documents/rain-gauge-project/DTA /data
[2025-06-25 18:52:15] Intento 1/3 para sincronizar.
[2025-06-25 18:52:16] receiving incremental file list

sent 49 bytes  received 4,520 bytes  3,046.00 bytes/sec
total size is 1,211,390  speedup is 265.13

[2025-06-25 18:52:41] Espacio en disco disponible en /data: 346.26 GB (Total: 915.32 GB, Usado: 522.50 GB)
[2025-06-25 18:52:41] Iniciando sincronización desde Raspberry Pi
[2025-06-25 18:52:41] Comando rsync a ejecutar: rsync -e ssh -i /root/.ssh/id_rsa -o StrictHostKeyChecking=no -avz pi@192.168.190.29:/home/pi/Documents/rain-gauge-project/DTA /data
[2025-06-25 18:52:41] Intento 1/3 para sincronizar.
[2025-06-25 18:52:42] receiving incremental file list

sent 49 bytes  received 4,520 bytes  3,046.00 bytes/sec
total size is 1,211,390  speedup is 265.13

[2025-06-25 18:54:03] Espacio en disco disponible en /data: 346.25 GB (Total: 915.32 GB, Usado: 522.50 GB)
[2025-06-25 18:54:03] Iniciando sincronización desde Raspberry Pi
[2025-06-25 18:54:03] Comando rsync a ejecutar: rsync -e ssh -i /root/.ssh/id_rsa -o StrictHostKeyChecking=no -avz pi@192.168.190.29:/home/pi/Documents/rain-gauge-project/DTA /data
[2025-06-25 18:54:03] Intento 1/3 para sincronizar.
[2025-06-25 18:54:04] receiving incremental file list

sent 49 bytes  received 4,520 bytes  3,046.00 bytes/sec
total size is 1,211,390  speedup is 265.13

[2025-06-25 19:00:03] Espacio en disco disponible en /data: 346.25 GB (Total: 915.32 GB, Usado: 522.51 GB)
[2025-06-25 19:00:03] Iniciando sincronización desde Raspberry Pi
[2025-06-25 19:00:03] Comando rsync a ejecutar: rsync -e ssh -i /root/.ssh/id_rsa -o StrictHostKeyChecking=no -avz pi@192.168.190.29:/home/pi/Documents/rain-gauge-project/DTA /data
[2025-06-25 19:00:03] Intento 1/3 para sincronizar.
[2025-06-25 19:00:03] Espacio en disco disponible en /data: 346.25 GB (Total: 915.32 GB, Usado: 522.51 GB)
[2025-06-25 19:00:03] Iniciando sincronización desde Raspberry Pi
[2025-06-25 19:00:03] Comando rsync a ejecutar: rsync -e ssh -i /root/.ssh/id_rsa -o StrictHostKeyChecking=no -avz pi@192.168.190.29:/home/pi/Documents/rain-gauge-project/DTA /data
[2025-06-25 19:00:03] Intento 1/3 para sincronizar.
[2025-06-25 19:00:05] receiving incremental file list

sent 49 bytes  received 4,520 bytes  1,827.60 bytes/sec
total size is 1,211,390  speedup is 265.13

[2025-06-25 19:00:05] receiving incremental file list

sent 49 bytes  received 4,520 bytes  1,827.60 bytes/sec
total size is 1,211,390  speedup is 265.13

[2025-06-25 19:02:03] Espacio en disco disponible en /data: 346.25 GB (Total: 915.32 GB, Usado: 522.51 GB)
[2025-06-25 19:02:03] Iniciando sincronización desde Raspberry Pi
[2025-06-25 19:02:03] Comando rsync a ejecutar: rsync -e ssh -i /root/.ssh/id_rsa -o StrictHostKeyChecking=no -avz pi@192.168.190.29:/home/pi/Documents/rain-gauge-project/DTA /data
[2025-06-25 19:02:03] Intento 1/3 para sincronizar.
[2025-06-25 19:02:04] receiving incremental file list

sent 49 bytes  received 4,520 bytes  3,046.00 bytes/sec
total size is 1,211,390  speedup is 265.13

[2025-06-25 19:04:03] Espacio en disco disponible en /data: 346.25 GB (Total: 915.32 GB, Usado: 522.51 GB)
[2025-06-25 19:04:03] Iniciando sincronización desde Raspberry Pi
[2025-06-25 19:04:03] Comando rsync a ejecutar: rsync -e ssh -i /root/.ssh/id_rsa -o StrictHostKeyChecking=no -avz pi@192.168.190.29:/home/pi/Documents/rain-gauge-project/DTA /data
[2025-06-25 19:04:03] Intento 1/3 para sincronizar.
[2025-06-25 19:04:07] receiving incremental file list

sent 49 bytes  received 4,520 bytes  1,015.33 bytes/sec
total size is 1,211,390  speedup is 265.13

[2025-06-25 19:04:35] Espacio en disco disponible en /data: 346.25 GB (Total: 915.32 GB, Usado: 522.51 GB)
[2025-06-25 19:04:35] Iniciando sincronización desde Raspberry Pi
[2025-06-25 19:04:35] Comando rsync a ejecutar: rsync -e ssh -i /root/.ssh/id_rsa -o StrictHostKeyChecking=no -avz pi@192.168.190.29:/home/pi/Documents/rain-gauge-project/DTA /data
[2025-06-25 19:04:35] Intento 1/3 para sincronizar.
[2025-06-25 19:04:36] receiving incremental file list

sent 49 bytes  received 4,520 bytes  3,046.00 bytes/sec
total size is 1,211,390  speedup is 265.13

[2025-06-25 19:06:03] Espacio en disco disponible en /data: 346.25 GB (Total: 915.32 GB, Usado: 522.51 GB)
[2025-06-25 19:06:03] Iniciando sincronización desde Raspberry Pi
[2025-06-25 19:06:03] Comando rsync a ejecutar: rsync -e ssh -i /root/.ssh/id_rsa -o StrictHostKeyChecking=no -avz pi@192.168.190.29:/home/pi/Documents/rain-gauge-project/DTA /data
[2025-06-25 19:06:03] Intento 1/3 para sincronizar.
[2025-06-25 19:06:07] receiving incremental file list

sent 49 bytes  received 4,520 bytes  1,015.33 bytes/sec
total size is 1,211,390  speedup is 265.13

[2025-06-25 19:20:03] Espacio en disco disponible en /data: 346.15 GB (Total: 915.32 GB, Usado: 522.61 GB)
[2025-06-25 19:20:03] Iniciando sincronización desde Raspberry Pi
[2025-06-25 19:20:03] Comando rsync a ejecutar: rsync -e ssh -i /root/.ssh/id_rsa -o StrictHostKeyChecking=no -avz pi@192.168.190.29:/home/pi/Documents/rain-gauge-project/DTA /data
[2025-06-25 19:20:03] Intento 1/3 para sincronizar.
[2025-06-25 19:20:04] receiving incremental file list

sent 49 bytes  received 4,520 bytes  3,046.00 bytes/sec
total size is 1,211,390  speedup is 265.13

[2025-06-25 19:22:03] Espacio en disco disponible en /data: 346.13 GB (Total: 915.32 GB, Usado: 522.62 GB)
[2025-06-25 19:22:03] Iniciando sincronización desde Raspberry Pi
[2025-06-25 19:22:03] Comando rsync a ejecutar: rsync -e ssh -i /root/.ssh/id_rsa -o StrictHostKeyChecking=no -avz pi@192.168.190.29:/home/pi/Documents/rain-gauge-project/DTA /data
[2025-06-25 19:22:03] Intento 1/3 para sincronizar.
[2025-06-25 19:22:05] receiving incremental file list

sent 49 bytes  received 4,520 bytes  3,046.00 bytes/sec
total size is 1,211,390  speedup is 265.13

[2025-06-25 19:24:03] Espacio en disco disponible en /data: 346.13 GB (Total: 915.32 GB, Usado: 522.62 GB)
[2025-06-25 19:24:03] Iniciando sincronización desde Raspberry Pi
[2025-06-25 19:24:03] Comando rsync a ejecutar: rsync -e ssh -i /root/.ssh/id_rsa -o StrictHostKeyChecking=no -avz pi@192.168.190.29:/home/pi/Documents/rain-gauge-project/DTA /data
[2025-06-25 19:24:03] Intento 1/3 para sincronizar.
[2025-06-25 19:24:05] receiving incremental file list

sent 49 bytes  received 4,516 bytes  1,826.00 bytes/sec
total size is 1,211,390  speedup is 265.36

[2025-06-25 19:26:03] Espacio en disco disponible en /data: 346.23 GB (Total: 915.32 GB, Usado: 522.53 GB)
[2025-06-25 19:26:03] Iniciando sincronización desde Raspberry Pi
[2025-06-25 19:26:03] Comando rsync a ejecutar: rsync -e ssh -i /root/.ssh/id_rsa -o StrictHostKeyChecking=no -avz pi@192.168.190.29:/home/pi/Documents/rain-gauge-project/DTA /data
[2025-06-25 19:26:03] Intento 1/3 para sincronizar.
[2025-06-25 19:26:05] receiving incremental file list

sent 49 bytes  received 4,520 bytes  3,046.00 bytes/sec
total size is 1,211,390  speedup is 265.13

[2025-06-25 19:28:03] Espacio en disco disponible en /data: 346.23 GB (Total: 915.32 GB, Usado: 522.53 GB)
[2025-06-25 19:28:03] Iniciando sincronización desde Raspberry Pi
[2025-06-25 19:28:03] Comando rsync a ejecutar: rsync -e ssh -i /root/.ssh/id_rsa -o StrictHostKeyChecking=no -avz pi@192.168.190.29:/home/pi/Documents/rain-gauge-project/DTA /data
[2025-06-25 19:28:03] Intento 1/3 para sincronizar.
[2025-06-25 19:28:04] receiving incremental file list

sent 49 bytes  received 4,516 bytes  3,043.33 bytes/sec
total size is 1,211,390  speedup is 265.36

[2025-06-25 19:30:03] Espacio en disco disponible en /data: 346.23 GB (Total: 915.32 GB, Usado: 522.53 GB)
[2025-06-25 19:30:03] Iniciando sincronización desde Raspberry Pi
[2025-06-25 19:30:03] Comando rsync a ejecutar: rsync -e ssh -i /root/.ssh/id_rsa -o StrictHostKeyChecking=no -avz pi@192.168.190.29:/home/pi/Documents/rain-gauge-project/DTA /data
[2025-06-25 19:30:03] Intento 1/3 para sincronizar.
[2025-06-25 19:30:04] receiving incremental file list

sent 49 bytes  received 4,516 bytes  3,043.33 bytes/sec
total size is 1,211,390  speedup is 265.36

[2025-06-25 19:32:03] Espacio en disco disponible en /data: 346.23 GB (Total: 915.32 GB, Usado: 522.53 GB)
[2025-06-25 19:32:03] Iniciando sincronización desde Raspberry Pi
[2025-06-25 19:32:03] Comando rsync a ejecutar: rsync -e ssh -i /root/.ssh/id_rsa -o StrictHostKeyChecking=no -avz pi@192.168.190.29:/home/pi/Documents/rain-gauge-project/DTA /data
[2025-06-25 19:32:03] Intento 1/3 para sincronizar.
[2025-06-25 19:32:04] receiving incremental file list

sent 49 bytes  received 4,520 bytes  3,046.00 bytes/sec
total size is 1,211,390  speedup is 265.13

[2025-06-25 19:34:03] Espacio en disco disponible en /data: 346.22 GB (Total: 915.32 GB, Usado: 522.53 GB)
[2025-06-25 19:34:03] Iniciando sincronización desde Raspberry Pi
[2025-06-25 19:34:03] Comando rsync a ejecutar: rsync -e ssh -i /root/.ssh/id_rsa -o StrictHostKeyChecking=no -avz pi@192.168.190.29:/home/pi/Documents/rain-gauge-project/DTA /data
[2025-06-25 19:34:03] Intento 1/3 para sincronizar.
[2025-06-25 19:34:04] receiving incremental file list

sent 49 bytes  received 4,516 bytes  3,043.33 bytes/sec
total size is 1,211,390  speedup is 265.36

[2025-06-25 19:36:03] Espacio en disco disponible en /data: 346.22 GB (Total: 915.32 GB, Usado: 522.54 GB)
[2025-06-25 19:36:03] Iniciando sincronización desde Raspberry Pi
[2025-06-25 19:36:03] Comando rsync a ejecutar: rsync -e ssh -i /root/.ssh/id_rsa -o StrictHostKeyChecking=no -avz pi@192.168.190.29:/home/pi/Documents/rain-gauge-project/DTA /data
[2025-06-25 19:36:03] Intento 1/3 para sincronizar.
[2025-06-25 19:36:04] receiving incremental file list

sent 49 bytes  received 4,520 bytes  3,046.00 bytes/sec
total size is 1,211,390  speedup is 265.13

[2025-06-25 19:38:03] Espacio en disco disponible en /data: 346.21 GB (Total: 915.32 GB, Usado: 522.55 GB)
[2025-06-25 19:38:03] Iniciando sincronización desde Raspberry Pi
[2025-06-25 19:38:03] Comando rsync a ejecutar: rsync -e ssh -i /root/.ssh/id_rsa -o StrictHostKeyChecking=no -avz pi@192.168.190.29:/home/pi/Documents/rain-gauge-project/DTA /data
[2025-06-25 19:38:03] Intento 1/3 para sincronizar.
[2025-06-25 19:38:04] receiving incremental file list

sent 49 bytes  received 4,520 bytes  3,046.00 bytes/sec
total size is 1,211,390  speedup is 265.13

[2025-06-25 19:46:03] Espacio en disco disponible en /data: 346.20 GB (Total: 915.32 GB, Usado: 522.56 GB)
[2025-06-25 19:46:03] Iniciando sincronización desde Raspberry Pi
[2025-06-25 19:46:03] Comando rsync a ejecutar: rsync -e ssh -i /root/.ssh/id_rsa -o StrictHostKeyChecking=no -avz pi@192.168.190.29:/home/pi/Documents/rain-gauge-project/DTA /data
[2025-06-25 19:46:03] Intento 1/3 para sincronizar.
[2025-06-25 19:46:04] receiving incremental file list

sent 49 bytes  received 4,520 bytes  3,046.00 bytes/sec
total size is 1,211,390  speedup is 265.13

[2025-06-25 19:46:18] Espacio en disco disponible en /data: 346.20 GB (Total: 915.32 GB, Usado: 522.56 GB)
[2025-06-25 19:46:18] Iniciando sincronización desde Raspberry Pi
[2025-06-25 19:46:18] Comando rsync a ejecutar: rsync -e ssh -i /root/.ssh/id_rsa -o StrictHostKeyChecking=no -avz pi@192.168.190.29:/home/pi/Documents/rain-gauge-project/DTA /data
[2025-06-25 19:46:18] Intento 1/3 para sincronizar.
[2025-06-25 19:46:18] receiving incremental file list

sent 49 bytes  received 4,520 bytes  9,138.00 bytes/sec
total size is 1,211,390  speedup is 265.13

[2025-06-25 19:50:03] Espacio en disco disponible en /data: 346.19 GB (Total: 915.32 GB, Usado: 522.56 GB)
[2025-06-25 19:50:03] Iniciando sincronización desde Raspberry Pi
[2025-06-25 19:50:03] Comando rsync a ejecutar: rsync -e ssh -i /root/.ssh/id_rsa -o StrictHostKeyChecking=no -avz pi@192.168.190.29:/home/pi/Documents/rain-gauge-project/DTA /data
[2025-06-25 19:50:03] Intento 1/3 para sincronizar.
[2025-06-25 19:50:03] receiving incremental file list

sent 49 bytes  received 4,520 bytes  9,138.00 bytes/sec
total size is 1,211,390  speedup is 265.13

[2025-06-25 19:51:58] Sincronización cancelada: el comando /stop fue emitido. La bandera de detención se ha limpiado.
[2025-06-25 19:52:03] Espacio en disco disponible en /data: 346.19 GB (Total: 915.32 GB, Usado: 522.56 GB)
[2025-06-25 19:52:03] Iniciando sincronización desde Raspberry Pi
[2025-06-25 19:52:03] Comando rsync a ejecutar: rsync -e ssh -i /root/.ssh/id_rsa -o StrictHostKeyChecking=no -avz pi@192.168.190.29:/home/pi/Documents/rain-gauge-project/DTA /data
[2025-06-25 19:52:03] Intento 1/3 para sincronizar.
[2025-06-25 19:52:03] receiving incremental file list

sent 49 bytes  received 4,520 bytes  9,138.00 bytes/sec
total size is 1,211,390  speedup is 265.13

[2025-06-25 19:52:29] Espacio en disco disponible en /data: 346.19 GB (Total: 915.32 GB, Usado: 522.56 GB)
[2025-06-25 19:52:29] Iniciando sincronización desde Raspberry Pi
[2025-06-25 19:52:29] Comando rsync a ejecutar: rsync -e ssh -i /root/.ssh/id_rsa -o StrictHostKeyChecking=no -avz pi@192.168.190.29:/home/pi/Documents/rain-gauge-project/DTA /data
[2025-06-25 19:52:29] Intento 1/3 para sincronizar.
[2025-06-25 19:52:30] receiving incremental file list

sent 49 bytes  received 4,520 bytes  3,046.00 bytes/sec
total size is 1,211,390  speedup is 265.13

[2025-06-25 19:54:03] Espacio en disco disponible en /data: 346.19 GB (Total: 915.32 GB, Usado: 522.56 GB)
[2025-06-25 19:54:03] Iniciando sincronización desde Raspberry Pi
[2025-06-25 19:54:03] Comando rsync a ejecutar: rsync -e ssh -i /root/.ssh/id_rsa -o StrictHostKeyChecking=no -avz pi@192.168.190.29:/home/pi/Documents/rain-gauge-project/DTA /data
[2025-06-25 19:54:03] Intento 1/3 para sincronizar.
[2025-06-25 19:54:03] receiving incremental file list

sent 49 bytes  received 4,520 bytes  9,138.00 bytes/sec
total size is 1,211,390  speedup is 265.13

