[INFO] Iniciando cron...
[INFO] Variables de entorno cargadas desde .env para cron.
[INFO] crontab cargado correctamente.
[INFO] Cron lanzado con PID: 17
[INFO] Manteniendo el contenedor activo. Revisar logs.
[INFO] Iniciando cron...
[INFO] Variables de entorno cargadas desde .env para cron.
[INFO] crontab cargado correctamente.
[INFO] Cron lanzado con PID: 17
[INFO] Manteniendo el contenedor activo. Revisar logs.
[INFO] Iniciando cron...
[INFO] Variables de entorno cargadas desde .env para cron.
[INFO] crontab cargado correctamente.
[INFO] Cron lanzado con PID: 17
[INFO] Manteniendo el contenedor activo. Revisar logs.
[INFO] Iniciando cron...
[INFO] Variables de entorno cargadas desde .env para cron.
[INFO] crontab cargado correctamente.
[INFO] Cron lanzado con PID: 17
[INFO] Manteniendo el contenedor activo. Revisar logs.
[INFO] Iniciando cron...
[INFO] Variables de entorno cargadas desde .env para cron.
[INFO] crontab cargado correctamente.
[INFO] Cron lanzado con PID: 17
[INFO] Manteniendo el contenedor activo. Revisar logs.
[INFO] Iniciando cron...
[INFO] Variables de entorno cargadas desde .env para cron.
[INFO] crontab cargado correctamente.
[INFO] Cron lanzado con PID: 17
[INFO] Manteniendo el contenedor activo. Revisar logs.
[INFO] Iniciando cron...
[INFO] Variables de entorno cargadas desde .env para cron.
[INFO] crontab cargado correctamente.
[INFO] Cron lanzado con PID: 17
[INFO] Manteniendo el contenedor activo. Revisar logs.
[INFO] Iniciando cron...
[INFO] Variables de entorno cargadas desde .env para cron.
[INFO] crontab cargado correctamente.
[INFO] Cron lanzado con PID: 17
[INFO] Manteniendo el contenedor activo. Revisar logs.
[INFO] Iniciando cron...
[INFO] Variables de entorno cargadas desde .env para cron.
[INFO] crontab cargado correctamente.
[INFO] Cron lanzado con PID: 17
[INFO] Manteniendo el contenedor activo. Revisar logs.
[INFO] Iniciando cron...
[INFO] Variables de entorno cargadas desde .env para cron.
[INFO] crontab cargado correctamente.
[INFO] Cron lanzado con PID: 17
[INFO] Manteniendo el contenedor activo. Revisar logs.
[INFO] Iniciando cron...
[INFO] Variables de entorno cargadas desde .env para cron.
[INFO] crontab cargado correctamente.
[INFO] Cron lanzado con PID: 17
[INFO] Manteniendo el contenedor activo. Revisar logs.
[INFO] Iniciando cron...
[INFO] Variables de entorno cargadas desde .env para cron.
[INFO] crontab cargado correctamente.
[INFO] Cron lanzado con PID: 17
[INFO] Manteniendo el contenedor activo. Revisar logs.
[INFO] Iniciando cron...
[INFO] Variables de entorno cargadas desde .env para cron.
[INFO] crontab cargado correctamente.
[INFO] Cron lanzado con PID: 17
[INFO] Manteniendo el contenedor activo. Revisar logs.
[INFO] Iniciando cron...
[INFO] Variables de entorno cargadas desde .env para cron.
[INFO] crontab cargado correctamente.
[INFO] Cron lanzado con PID: 17
[INFO] Manteniendo el contenedor activo. Revisar logs.
[INFO] Iniciando cron...
[INFO] Variables de entorno cargadas desde .env para cron.
[INFO] crontab cargado correctamente.
[INFO] Cron lanzado con PID: 17
[INFO] Manteniendo el contenedor activo. Revisar logs.
[INFO] Iniciando cron...
[INFO] Variables de entorno cargadas desde .env para cron.
[INFO] crontab cargado correctamente.
[INFO] Cron lanzado con PID: 17
[INFO] Manteniendo el contenedor activo. Revisar logs.
